<?xml version="1.0" encoding="UTF-8"?>
<!-- Generated by org.testng.reporters.JUnitReportReporter -->
<testsuite hostname="192.168.0.105.non-exists.ptr.local" failures="0" tests="3" name="test.computer.BuyingCheapComputerTest" time="117.517" errors="0" timestamp="2024-11-08T12:51:22 ICT" skipped="0">
  <testcase classname="test.computer.BuyingCheapComputerTest" name="testCheapComputerBuying" time="65.083"/>
  <testcase classname="test.computer.BuyingCheapComputerTest" name="testCheapComputerBuying" time="25.594"/>
  <testcase classname="test.computer.BuyingCheapComputerTest" name="testCheapComputerBuying" time="26.840"/>
</testsuite> <!-- test.computer.BuyingCheapComputerTest -->
