<?xml version="1.0" encoding="UTF-8"?>
<!-- Generated by org.testng.reporters.JUnitReportReporter -->
<testsuite hostname="192.168.0.105.non-exists.ptr.local" failures="0" tests="3" name="test.computer.BuyingStandardComputerTest" time="115.938" errors="0" timestamp="2024-11-09T22:07:40 ICT" skipped="0">
  <testcase classname="test.computer.BuyingStandardComputerTest" name="testStandardComputerBuying" time="27.358"/>
  <testcase classname="test.computer.BuyingStandardComputerTest" name="testStandardComputerBuying" time="26.097"/>
  <testcase classname="test.computer.BuyingStandardComputerTest" name="testStandardComputerBuying" time="62.483"/>
</testsuite> <!-- test.computer.BuyingStandardComputerTest -->
