<?xml version="1.0" encoding="UTF-8"?>
<!-- Generated by org.testng.reporters.JUnitReportReporter -->
<testsuite hostname="192.168.0.105.non-exists.ptr.local" failures="0" tests="4" name="test.global.footer.FooterTest" time="37.760" errors="0" timestamp="2024-11-09T22:07:40 ICT" skipped="0">
  <testcase classname="test.global.footer.FooterTest" name="testFooterHomePage" time="2.998"/>
  <testcase classname="test.global.footer.FooterTest" name="testFooterLoginPage" time="0.008"/>
  <testcase classname="test.global.footer.FooterTest" name="testFooterCategoryPage" time="34.743"/>
  <testcase classname="test.global.footer.FooterTest" name="testFooterRegisterPage" time="0.011"/>
</testsuite> <!-- test.global.footer.FooterTest -->
