<?xml version="1.0" encoding="UTF-8"?>
<!-- Generated by org.testng.reporters.JUnitReportReporter -->
<testsuite hostname="192.168.0.105.non-exists.ptr.local" failures="0" tests="3" name="test.testng.DataProviderComputerData" time="0.042" errors="0" timestamp="2024-11-08T12:44:06 ICT" skipped="0">
  <testcase classname="test.testng.DataProviderComputerData" name="testDataProvider" time="0.031"/>
  <testcase classname="test.testng.DataProviderComputerData" name="testDataProvider" time="0.005"/>
  <testcase classname="test.testng.DataProviderComputerData" name="testDataProvider" time="0.006"/>
</testsuite> <!-- test.testng.DataProviderComputerData -->
