<?xml version="1.0" encoding="UTF-8"?>
<!-- Generated by org.testng.reporters.JUnitReportReporter -->
<testsuite hostname="192.168.0.105.non-exists.ptr.local" failures="0" tests="2" name="test.testng.TestNGTestOrder" time="0.091" errors="0" timestamp="2024-11-08T12:44:06 ICT" skipped="0">
  <testcase classname="test.testng.TestNGTestOrder" name="test02" time="0.074"/>
  <testcase classname="test.testng.TestNGTestOrder" name="test01" time="0.017"/>
</testsuite> <!-- test.testng.TestNGTestOrder -->
