<?xml version="1.0" encoding="UTF-8"?>
<!-- Generated by org.testng.reporters.JUnitReportReporter -->
<testsuite hostname="192.168.0.105.non-exists.ptr.local" failures="0" tests="3" name="test.testng.DataProviderTest" time="0.436" errors="0" timestamp="2024-11-08T12:44:06 ICT" skipped="0">
  <testcase classname="test.testng.DataProviderTest" name="testDataProvider" time="0.363"/>
  <testcase classname="test.testng.DataProviderTest" name="testDataProvider" time="0.005"/>
  <testcase classname="test.testng.DataProviderTest" name="testDataProvider" time="0.068"/>
</testsuite> <!-- test.testng.DataProviderTest -->
