<?xml version="1.0" encoding="UTF-8"?>
<!-- Generated by org.testng.reporters.JUnitReportReporter -->
<testsuite hostname="192.168.0.105.non-exists.ptr.local" failures="0" tests="2" name="test.testng.TestNGHook01" time="0.010" errors="0" timestamp="2024-11-08T12:44:06 ICT" skipped="0">
  <testcase classname="test.testng.TestNGHook01" name="testSthElse" time="0.005"/>
  <testcase classname="test.testng.TestNGHook01" name="testSth" time="0.005"/>
</testsuite> <!-- test.testng.TestNGHook01 -->
