<?xml version="1.0" encoding="UTF-8"?>
<!-- Generated by org.testng.reporters.JUnitReportReporter -->
<testsuite hostname="192.168.0.105.non-exists.ptr.local" failures="0" tests="3" name="test.computer.BuyingStandardComputerTest" time="118.636" errors="0" timestamp="2024-11-08T12:51:22 ICT" skipped="0">
  <testcase classname="test.computer.BuyingStandardComputerTest" name="testStandardComputerBuying" time="65.877"/>
  <testcase classname="test.computer.BuyingStandardComputerTest" name="testStandardComputerBuying" time="26.592"/>
  <testcase classname="test.computer.BuyingStandardComputerTest" name="testStandardComputerBuying" time="26.167"/>
</testsuite> <!-- test.computer.BuyingStandardComputerTest -->
