<?xml version="1.0" encoding="UTF-8"?>
<!-- Generated by org.testng.reporters.JUnitReportReporter -->
<testsuite hostname="192.168.0.105.non-exists.ptr.local" failures="0" tests="4" name="test.global.footer.FooterTest" time="39.523" errors="0" timestamp="2024-11-08T12:51:22 ICT" skipped="0">
  <testcase classname="test.global.footer.FooterTest" name="testFooterLoginPage" time="0.009"/>
  <testcase classname="test.global.footer.FooterTest" name="testFooterCategoryPage" time="37.470"/>
  <testcase classname="test.global.footer.FooterTest" name="testFooterRegisterPage" time="0.005"/>
  <testcase classname="test.global.footer.FooterTest" name="testFooterHomePage" time="2.039"/>
</testsuite> <!-- test.global.footer.FooterTest -->
