<?xml version="1.0" encoding="UTF-8"?>
<!-- Generated by org.testng.reporters.JUnitReportReporter -->
<testsuite hostname="192.168.0.105.non-exists.ptr.local" failures="0" tests="3" name="test.computer.BuyingCheapComputerTest" time="116.750" errors="0" timestamp="2024-11-09T22:07:40 ICT" skipped="0">
  <testcase classname="test.computer.BuyingCheapComputerTest" name="testCheapComputerBuying" time="28.139"/>
  <testcase classname="test.computer.BuyingCheapComputerTest" name="testCheapComputerBuying" time="25.752"/>
  <testcase classname="test.computer.BuyingCheapComputerTest" name="testCheapComputerBuying" time="62.859"/>
</testsuite> <!-- test.computer.BuyingCheapComputerTest -->
