<?xml version="1.0" encoding="UTF-8"?>
<!-- Generated by org.testng.reporters.JUnitReportReporter -->
<testsuite hostname="192.168.0.105.non-exists.ptr.local" failures="0" tests="2" name="test.testng.TestNGHook04" time="0.046" errors="0" timestamp="2024-11-08T12:44:06 ICT" skipped="0">
  <testcase classname="test.testng.TestNGHook04" name="testSth" time="0.034"/>
  <testcase classname="test.testng.TestNGHook04" name="testSthElse" time="0.012"/>
</testsuite> <!-- test.testng.TestNGHook04 -->
